<?xml version="1.0" encoding="UTF-8"?>
<table name="root" debug="true" fillParent="true" expand-all="true" fill-all="true">

    <button name="loginButton" text="Login" fill-all="true"/>
    <row/>
    <button name="registerButton" text="Register" fill-all="true"/>
    <row/>
    <button name="changeButton" text="Change password" fill-all="true"/>
    <row/>
    <button name="restoreButton" text="Forgot password" fill-all="true"/>

</table>